<?xml version="1.0" encoding="UTF-8"?>
<!-- Generated by org.testng.reporters.JUnitXMLReporter -->
<testsuite ignored="0" hostname="DESKTOP-IBF8EPG" failures="0" tests="13" name="food" time="61.726" errors="0" timestamp="2024-03-12T17:27:00 IST">
  <testcase classname="testScript.ToRunFerrero" name="ferrero" time="23.659"/>
  <testcase classname="testScript.ToRunMars" name="mars" time="23.714"/>
  <testcase classname="testScript.ToRunLindt" name="lindt" time="23.768"/>
  <testcase classname="testScript.toRunHP" name="HP" time="29.582"/>
  <testcase classname="testScript.ToRunMilkybar" name="milkybar" time="32.687"/>
  <testcase classname="testScript.ToRunLenovo" name="lenovo" time="20.408"/>
  <testcase classname="testScript.ToRunDell" name="dell" time="20.343"/>
  <testcase classname="testScript.ToRunNestleKitkat" name="nestleKitkat" time="25.032"/>
  <testcase classname="testScript.ToRunHershey" name="hershey" time="19.26"/>
  <testcase classname="testScript.ToRunCadbury" name="cadbury" time="10.76"/>
  <testcase classname="testScript.ToRunGodiva" name="godiva" time="22.182"/>
  <testcase classname="testScript.ToRunAmul" name="amul" time="13.553"/>
  <testcase classname="testScript.ToRunSnickers" name="snickers" time="12.913"/>
</testsuite> <!-- food -->
