<?xml version="1.0" encoding="UTF-8"?>
<!-- Generated by org.testng.reporters.JUnitXMLReporter -->
<testsuite ignored="0" hostname="DESKTOP-IBF8EPG" failures="0" tests="3" name="laptop" time="14.674" errors="0" timestamp="2024-03-12T17:27:15 IST">
  <testcase classname="testScript.ToRunDell" name="dell" time="14.15"/>
  <testcase classname="testScript.ToRunLenovo" name="lenovo" time="14.167"/>
  <testcase classname="testScript.toRunHP" name="HP" time="14.667"/>
</testsuite> <!-- laptop -->
